<?xml version="1.0" encoding="UTF-8"?>
<!-- Generated by org.testng.reporters.JUnitXMLReporter -->
<testsuite ignored="0" hostname="Yogi" failures="0" tests="3" name="Swiggy Application Test Cases" time="0.245" errors="0" timestamp="2022-10-18T12:00:32 IST">
  <testcase classname="com.qa.swiggy.test.LoginPageTest" name="@BeforeMethod setUp" time="0.0">
    <failure type="java.lang.NullPointerException" message="Cannot invoke &amp;quot;String.equals(Object)&amp;quot; because &amp;quot;browserName&amp;quot; is null">
      <![CDATA[java.lang.NullPointerException: Cannot invoke "String.equals(Object)" because "browserName" is null
at com.qa.swiggy.base.TestBase.Initialization(TestBase.java:62)
at com.qa.swiggy.test.LoginPageTest.setUp(LoginPageTest.java:38)
at java.base/java.util.ArrayList.forEach(ArrayList.java:1511)
... Removed 31 stack frames]]>
    </failure>
  </testcase> <!-- @BeforeMethod setUp -->
  <testcase classname="com.qa.swiggy.test.LoginPageTest" name="@AfterMethod tearDown" time="-1.66607463265E9">
    <skipped/>
  </testcase> <!-- @AfterMethod tearDown -->
  <testcase classname="com.qa.swiggy.test.LoginPageTest" name="@BeforeMethod setUp" time="-1.666074632651E9">
    <skipped/>
  </testcase> <!-- @BeforeMethod setUp -->
  <testcase classname="com.qa.swiggy.test.LoginPageTest" name="@AfterMethod tearDown" time="-1.666074632655E9">
    <skipped/>
  </testcase> <!-- @AfterMethod tearDown -->
  <testcase classname="com.qa.swiggy.test.LoginPageTest" name="@BeforeMethod setUp" time="-1.666074632656E9">
    <skipped/>
  </testcase> <!-- @BeforeMethod setUp -->
  <testcase classname="com.qa.swiggy.test.LoginPageTest" name="@AfterMethod tearDown" time="-1.66607463266E9">
    <skipped/>
  </testcase> <!-- @AfterMethod tearDown -->
  <testcase classname="com.qa.swiggy.test.LoginPageTest" name="@AfterTest CloseExtent" time="-1.666074632665E9">
    <skipped/>
  </testcase> <!-- @AfterTest CloseExtent -->
  <testcase classname="com.qa.swiggy.test.LoginPageTest" name="ClickCreateAnAccountTest" time="0.0">
    <skipped/>
  </testcase> <!-- ClickCreateAnAccountTest -->
  <testcase classname="com.qa.swiggy.test.LoginPageTest" name="loginPageInvalidPhoneNumberTest" time="0.0">
    <skipped/>
  </testcase> <!-- loginPageInvalidPhoneNumberTest -->
  <testcase classname="com.qa.swiggy.test.LoginPageTest" name="loginPageValidPhoneNumberTest" time="0.0">
    <skipped/>
  </testcase> <!-- loginPageValidPhoneNumberTest -->
</testsuite> <!-- Swiggy Application Test Cases -->
